<?xml version="1.0" encoding="utf-8"?><testsuites name="pytest tests"><testsuite name="pytest" errors="0" failures="0" skipped="0" tests="30" time="4.267" timestamp="2026-09-09T09:01:02.998549+03:00" hostname="ZivsComputer"><testcase classname="tests.test_dcqo" name="test_ring_edges_and_hop_matrix" time="0.003" /><testcase classname="tests.test_dcqo" name="test_subspace_cost_matches_qubo_objective" time="0.004" /><testcase classname="tests.test_dcqo" name="test_driver_autoscale_matches_cost_halfwidth" time="0.013" /><testcase classname="tests.test_dcqo" name="test_apply_cd_equals_commutator" time="0.051" /><testcase classname="tests.test_dcqo" name="test_apply_h_init_and_h_cost_equal_dense" time="0.080" /><testcase classname="tests.test_dcqo" name="test_exp_h_init_matches_dense_expm" time="0.600" /><testcase classname="tests.test_dcqo" name="test_all_step_factors_are_unitary" time="0.069" /><testcase classname="tests.test_dcqo" name="test_exp_cd_first_order_expansion" time="0.003" /><testcase classname="tests.test_dcqo" name="test_cold_ground_state_is_uniform" time="0.008" /><testcase classname="tests.test_dcqo" name="test_biased_ground_state_is_the_ground_state_of_h_init" time="0.408" /><testcase classname="tests.test_dcqo" name="test_marginals_are_normalized_probabilities" time="0.001" /><testcase classname="tests.test_dcqo" name="test_schedule_endpoints_and_derivative" time="0.001" /><testcase classname="tests.test_dcqo" name="test_schedule_steps_are_consistent" time="0.001" /><testcase classname="tests.test_dcqo" name="test_diagonal_commuting_trap_is_rejected" time="0.001" /><testcase classname="tests.test_dcqo" name="test_alpha_sign_matches_exact_two_level_gauge_potential" time="0.001" /><testcase classname="tests.test_dcqo" name="test_hutchinson_traces_converge_to_exact" time="0.199" /><testcase classname="tests.test_dcqo" name="test_cd_scale_zero_reproduces_no_cd" time="0.017" /><testcase classname="tests.test_dcqo" name="test_dcqo_finds_the_optimum_and_beats_random" time="0.031" /><testcase classname="tests.test_dcqo" name="test_counterdiabatic_term_helps_at_short_annealing_time" time="0.012" /><testcase classname="tests.test_dcqo" name="test_bias_toward_the_optimum_raises_success_probability" time="0.039" /><testcase classname="tests.test_dcqo" name="test_biased_runs_are_still_scored_on_the_true_objective" time="0.014" /><testcase classname="tests.test_dcqo" name="test_bias_from_config_and_marginals_agree" time="0.002" /><testcase classname="tests.test_dcqo" name="test_bf_dcqo_never_reports_worse_than_its_first_iteration" time="0.106" /><testcase classname="tests.test_dcqo" name="test_solver_rejects_bad_arguments" time="0.001" /><testcase classname="tests.test_dcqo" name="test_full_space_cost_matches_qubo_energy" time="0.006" /><testcase classname="tests.test_dcqo" name="test_full_space_cost_equals_physics_objective_on_feasible_bitstrings" time="0.006" /><testcase classname="tests.test_dcqo" name="test_feasible_mask_counts_the_one_hot_subspace" time="0.001" /><testcase classname="tests.test_dcqo" name="test_cd_pauli_terms_reproduce_the_numeric_operator" time="0.017" /><testcase classname="tests.test_dcqo" name="test_full_space_dcqo_reports_a_feasible_fraction_below_one" time="0.084" /><testcase classname="tests.test_dcqo" name="test_full_space_refuses_oversized_instances" time="0.001" /></testsuite></testsuites>